<?xml version="1.0" encoding="UTF-8" ?>
<testsuite failures="0" time="0.01" errors="0" skipped="0" tests="1" name="com.mycompany.deckcollector.AppTest">
  <properties>
    <property name="java.runtime.name" value="Java(TM) SE Runtime Environment"/>
    <property name="sun.boot.library.path" value="/System/Library/Java/JavaVirtualMachines/1.6.0.jdk/Contents/Libraries"/>
    <property name="java.vm.version" value="20.14-b01-447"/>
    <property name="awt.nativeDoubleBuffering" value="true"/>
    <property name="gopherProxySet" value="false"/>
    <property name="mrj.build" value="11M4203"/>
    <property name="java.vm.vendor" value="Apple Inc."/>
    <property name="java.vendor.url" value="http://www.apple.com/"/>
    <property name="path.separator" value=":"/>
    <property name="java.vm.name" value="Java HotSpot(TM) 64-Bit Server VM"/>
    <property name="file.encoding.pkg" value="sun.io"/>
    <property name="user.country" value="US"/>
    <property name="sun.java.launcher" value="SUN_STANDARD"/>
    <property name="sun.os.patch.level" value="unknown"/>
    <property name="java.vm.specification.name" value="Java Virtual Machine Specification"/>
    <property name="user.dir" value="/Users/jwalton/NetBeansProjects/DeckCollector"/>
    <property name="java.runtime.version" value="1.6.0_43-b01-447-11M4203"/>
    <property name="java.awt.graphicsenv" value="apple.awt.CGraphicsEnvironment"/>
    <property name="basedir" value="/Users/jwalton/NetBeansProjects/DeckCollector"/>
    <property name="java.endorsed.dirs" value="/System/Library/Java/JavaVirtualMachines/1.6.0.jdk/Contents/Home/lib/endorsed"/>
    <property name="os.arch" value="x86_64"/>
    <property name="surefire.real.class.path" value="/Users/jwalton/NetBeansProjects/DeckCollector/target/surefire/surefirebooter4210683325691443600.jar"/>
    <property name="java.io.tmpdir" value="/var/folders/r5/01wc32yn7rg4ph977rmnm4vw0000gn/T/"/>
    <property name="line.separator" value="
"/>
    <property name="java.vm.specification.vendor" value="Sun Microsystems Inc."/>
    <property name="os.name" value="Mac OS X"/>
    <property name="sun.jnu.encoding" value="MacRoman"/>
    <property name="java.library.path" value=".:/Library/Java/Extensions:/System/Library/Java/Extensions:/usr/lib/java"/>
    <property name="surefire.test.class.path" value="/Users/jwalton/NetBeansProjects/DeckCollector/target/test-classes:/Users/jwalton/NetBeansProjects/DeckCollector/target/classes:/Users/jwalton/.m2/repository/junit/junit/3.8.1/junit-3.8.1.jar:/Users/jwalton/.m2/repository/org/jsoup/jsoup/1.7.2/jsoup-1.7.2.jar:/Users/jwalton/.m2/repository/log4j/log4j/1.2.16/log4j-1.2.16.jar:/Users/jwalton/.m2/repository/org/mongodb/mongo-java-driver/1.3/mongo-java-driver-1.3.jar:/Users/jwalton/.m2/repository/org/neo4j/neo4j/1.8.1/neo4j-1.8.1.jar:/Users/jwalton/.m2/repository/org/neo4j/neo4j-kernel/1.8.1/neo4j-kernel-1.8.1.jar:/Users/jwalton/.m2/repository/org/apache/geronimo/specs/geronimo-jta_1.1_spec/1.1.1/geronimo-jta_1.1_spec-1.1.1.jar:/Users/jwalton/.m2/repository/org/neo4j/neo4j-lucene-index/1.8.1/neo4j-lucene-index-1.8.1.jar:/Users/jwalton/.m2/repository/org/apache/lucene/lucene-core/3.5.0/lucene-core-3.5.0.jar:/Users/jwalton/.m2/repository/org/neo4j/neo4j-graph-algo/1.8.1/neo4j-graph-algo-1.8.1.jar:/Users/jwalton/.m2/repository/org/neo4j/neo4j-udc/1.8.1/neo4j-udc-1.8.1.jar:/Users/jwalton/.m2/repository/org/neo4j/neo4j-graph-matching/1.8.1/neo4j-graph-matching-1.8.1.jar:/Users/jwalton/.m2/repository/org/neo4j/neo4j-cypher/1.8.1/neo4j-cypher-1.8.1.jar:/Users/jwalton/.m2/repository/org/scala-lang/scala-library/2.9.1-1/scala-library-2.9.1-1.jar:/Users/jwalton/.m2/repository/com/googlecode/concurrentlinkedhashmap/concurrentlinkedhashmap-lru/1.3.1/concurrentlinkedhashmap-lru-1.3.1.jar:/Users/jwalton/.m2/repository/org/neo4j/neo4j-jmx/1.8.1/neo4j-jmx-1.8.1.jar:/Users/jwalton/.m2/repository/org/springframework/data/spring-data-neo4j-rest/2.2.0.RELEASE/spring-data-neo4j-rest-2.2.0.RELEASE.jar:/Users/jwalton/.m2/repository/org/springframework/spring-tx/3.1.4.RELEASE/spring-tx-3.1.4.RELEASE.jar:/Users/jwalton/.m2/repository/aopalliance/aopalliance/1.0/aopalliance-1.0.jar:/Users/jwalton/.m2/repository/org/springframework/spring-context/3.1.4.RELEASE/spring-context-3.1.4.RELEASE.jar:/Users/jwalton/.m2/repository/org/springframework/spring-expression/3.1.4.RELEASE/spring-expression-3.1.4.RELEASE.jar:/Users/jwalton/.m2/repository/org/springframework/spring-asm/3.1.4.RELEASE/spring-asm-3.1.4.RELEASE.jar:/Users/jwalton/.m2/repository/org/springframework/spring-beans/3.1.4.RELEASE/spring-beans-3.1.4.RELEASE.jar:/Users/jwalton/.m2/repository/org/springframework/spring-aspects/3.1.4.RELEASE/spring-aspects-3.1.4.RELEASE.jar:/Users/jwalton/.m2/repository/org/springframework/spring-context-support/3.1.4.RELEASE/spring-context-support-3.1.4.RELEASE.jar:/Users/jwalton/.m2/repository/org/springframework/spring-aop/3.1.4.RELEASE/spring-aop-3.1.4.RELEASE.jar:/Users/jwalton/.m2/repository/org/springframework/spring-core/3.1.4.RELEASE/spring-core-3.1.4.RELEASE.jar:/Users/jwalton/.m2/repository/org/springframework/data/spring-data-neo4j/2.2.0.RELEASE/spring-data-neo4j-2.2.0.RELEASE.jar:/Users/jwalton/.m2/repository/org/aspectj/aspectjrt/1.7.1/aspectjrt-1.7.1.jar:/Users/jwalton/.m2/repository/org/springframework/data/spring-data-commons/1.5.0.RELEASE/spring-data-commons-1.5.0.RELEASE.jar:/Users/jwalton/.m2/repository/org/neo4j/neo4j-cypher-dsl/1.9.M04/neo4j-cypher-dsl-1.9.M04.jar:/Users/jwalton/.m2/repository/org/neo4j/neo4j-rest-graphdb/1.8.1/neo4j-rest-graphdb-1.8.1.jar:/Users/jwalton/.m2/repository/org/neo4j/server-api/1.8.1/server-api-1.8.1.jar:/Users/jwalton/.m2/repository/org/neo4j/3rdparty/javax/ws/rs/jsr311-api/1.1.2.r612/jsr311-api-1.1.2.r612.jar:/Users/jwalton/.m2/repository/commons-configuration/commons-configuration/1.6/commons-configuration-1.6.jar:/Users/jwalton/.m2/repository/commons-collections/commons-collections/3.2.1/commons-collections-3.2.1.jar:/Users/jwalton/.m2/repository/commons-lang/commons-lang/2.4/commons-lang-2.4.jar:/Users/jwalton/.m2/repository/commons-logging/commons-logging/1.1.1/commons-logging-1.1.1.jar:/Users/jwalton/.m2/repository/commons-beanutils/commons-beanutils-core/1.8.0/commons-beanutils-core-1.8.0.jar:/Users/jwalton/.m2/repository/commons-digester/commons-digester/1.8.1/commons-digester-1.8.1.jar:/Users/jwalton/.m2/repository/commons-beanutils/commons-beanutils/1.8.0/commons-beanutils-1.8.0.jar:/Users/jwalton/.m2/repository/org/codehaus/jackson/jackson-jaxrs/1.9.7/jackson-jaxrs-1.9.7.jar:/Users/jwalton/.m2/repository/org/codehaus/jackson/jackson-core-asl/1.9.7/jackson-core-asl-1.9.7.jar:/Users/jwalton/.m2/repository/org/codehaus/jackson/jackson-mapper-asl/1.9.7/jackson-mapper-asl-1.9.7.jar:/Users/jwalton/.m2/repository/com/sun/jersey/jersey-client/1.4/jersey-client-1.4.jar:/Users/jwalton/.m2/repository/com/sun/jersey/jersey-core/1.4/jersey-core-1.4.jar:/Users/jwalton/.m2/repository/org/slf4j/slf4j-api/1.7.1/slf4j-api-1.7.1.jar:/Users/jwalton/.m2/repository/org/slf4j/jcl-over-slf4j/1.7.1/jcl-over-slf4j-1.7.1.jar:/Users/jwalton/.m2/repository/org/jdom/jdom2/2.0.4/jdom2-2.0.4.jar:"/>
    <property name="java.specification.name" value="Java Platform API Specification"/>
    <property name="java.class.version" value="50.0"/>
    <property name="sun.management.compiler" value="HotSpot 64-Bit Tiered Compilers"/>
    <property name="os.version" value="10.8.2"/>
    <property name="http.nonProxyHosts" value="local|*.local|169.254/16|*.169.254/16"/>
    <property name="user.home" value="/Users/jwalton"/>
    <property name="user.timezone" value=""/>
    <property name="java.awt.printerjob" value="apple.awt.CPrinterJob"/>
    <property name="java.specification.version" value="1.6"/>
    <property name="file.encoding" value="MacRoman"/>
    <property name="user.name" value="jwalton"/>
    <property name="java.class.path" value="/Users/jwalton/NetBeansProjects/DeckCollector/target/test-classes:/Users/jwalton/NetBeansProjects/DeckCollector/target/classes:/Users/jwalton/.m2/repository/junit/junit/3.8.1/junit-3.8.1.jar:/Users/jwalton/.m2/repository/org/jsoup/jsoup/1.7.2/jsoup-1.7.2.jar:/Users/jwalton/.m2/repository/log4j/log4j/1.2.16/log4j-1.2.16.jar:/Users/jwalton/.m2/repository/org/mongodb/mongo-java-driver/1.3/mongo-java-driver-1.3.jar:/Users/jwalton/.m2/repository/org/neo4j/neo4j/1.8.1/neo4j-1.8.1.jar:/Users/jwalton/.m2/repository/org/neo4j/neo4j-kernel/1.8.1/neo4j-kernel-1.8.1.jar:/Users/jwalton/.m2/repository/org/apache/geronimo/specs/geronimo-jta_1.1_spec/1.1.1/geronimo-jta_1.1_spec-1.1.1.jar:/Users/jwalton/.m2/repository/org/neo4j/neo4j-lucene-index/1.8.1/neo4j-lucene-index-1.8.1.jar:/Users/jwalton/.m2/repository/org/apache/lucene/lucene-core/3.5.0/lucene-core-3.5.0.jar:/Users/jwalton/.m2/repository/org/neo4j/neo4j-graph-algo/1.8.1/neo4j-graph-algo-1.8.1.jar:/Users/jwalton/.m2/repository/org/neo4j/neo4j-udc/1.8.1/neo4j-udc-1.8.1.jar:/Users/jwalton/.m2/repository/org/neo4j/neo4j-graph-matching/1.8.1/neo4j-graph-matching-1.8.1.jar:/Users/jwalton/.m2/repository/org/neo4j/neo4j-cypher/1.8.1/neo4j-cypher-1.8.1.jar:/Users/jwalton/.m2/repository/org/scala-lang/scala-library/2.9.1-1/scala-library-2.9.1-1.jar:/Users/jwalton/.m2/repository/com/googlecode/concurrentlinkedhashmap/concurrentlinkedhashmap-lru/1.3.1/concurrentlinkedhashmap-lru-1.3.1.jar:/Users/jwalton/.m2/repository/org/neo4j/neo4j-jmx/1.8.1/neo4j-jmx-1.8.1.jar:/Users/jwalton/.m2/repository/org/springframework/data/spring-data-neo4j-rest/2.2.0.RELEASE/spring-data-neo4j-rest-2.2.0.RELEASE.jar:/Users/jwalton/.m2/repository/org/springframework/spring-tx/3.1.4.RELEASE/spring-tx-3.1.4.RELEASE.jar:/Users/jwalton/.m2/repository/aopalliance/aopalliance/1.0/aopalliance-1.0.jar:/Users/jwalton/.m2/repository/org/springframework/spring-context/3.1.4.RELEASE/spring-context-3.1.4.RELEASE.jar:/Users/jwalton/.m2/repository/org/springframework/spring-expression/3.1.4.RELEASE/spring-expression-3.1.4.RELEASE.jar:/Users/jwalton/.m2/repository/org/springframework/spring-asm/3.1.4.RELEASE/spring-asm-3.1.4.RELEASE.jar:/Users/jwalton/.m2/repository/org/springframework/spring-beans/3.1.4.RELEASE/spring-beans-3.1.4.RELEASE.jar:/Users/jwalton/.m2/repository/org/springframework/spring-aspects/3.1.4.RELEASE/spring-aspects-3.1.4.RELEASE.jar:/Users/jwalton/.m2/repository/org/springframework/spring-context-support/3.1.4.RELEASE/spring-context-support-3.1.4.RELEASE.jar:/Users/jwalton/.m2/repository/org/springframework/spring-aop/3.1.4.RELEASE/spring-aop-3.1.4.RELEASE.jar:/Users/jwalton/.m2/repository/org/springframework/spring-core/3.1.4.RELEASE/spring-core-3.1.4.RELEASE.jar:/Users/jwalton/.m2/repository/org/springframework/data/spring-data-neo4j/2.2.0.RELEASE/spring-data-neo4j-2.2.0.RELEASE.jar:/Users/jwalton/.m2/repository/org/aspectj/aspectjrt/1.7.1/aspectjrt-1.7.1.jar:/Users/jwalton/.m2/repository/org/springframework/data/spring-data-commons/1.5.0.RELEASE/spring-data-commons-1.5.0.RELEASE.jar:/Users/jwalton/.m2/repository/org/neo4j/neo4j-cypher-dsl/1.9.M04/neo4j-cypher-dsl-1.9.M04.jar:/Users/jwalton/.m2/repository/org/neo4j/neo4j-rest-graphdb/1.8.1/neo4j-rest-graphdb-1.8.1.jar:/Users/jwalton/.m2/repository/org/neo4j/server-api/1.8.1/server-api-1.8.1.jar:/Users/jwalton/.m2/repository/org/neo4j/3rdparty/javax/ws/rs/jsr311-api/1.1.2.r612/jsr311-api-1.1.2.r612.jar:/Users/jwalton/.m2/repository/commons-configuration/commons-configuration/1.6/commons-configuration-1.6.jar:/Users/jwalton/.m2/repository/commons-collections/commons-collections/3.2.1/commons-collections-3.2.1.jar:/Users/jwalton/.m2/repository/commons-lang/commons-lang/2.4/commons-lang-2.4.jar:/Users/jwalton/.m2/repository/commons-logging/commons-logging/1.1.1/commons-logging-1.1.1.jar:/Users/jwalton/.m2/repository/commons-beanutils/commons-beanutils-core/1.8.0/commons-beanutils-core-1.8.0.jar:/Users/jwalton/.m2/repository/commons-digester/commons-digester/1.8.1/commons-digester-1.8.1.jar:/Users/jwalton/.m2/repository/commons-beanutils/commons-beanutils/1.8.0/commons-beanutils-1.8.0.jar:/Users/jwalton/.m2/repository/org/codehaus/jackson/jackson-jaxrs/1.9.7/jackson-jaxrs-1.9.7.jar:/Users/jwalton/.m2/repository/org/codehaus/jackson/jackson-core-asl/1.9.7/jackson-core-asl-1.9.7.jar:/Users/jwalton/.m2/repository/org/codehaus/jackson/jackson-mapper-asl/1.9.7/jackson-mapper-asl-1.9.7.jar:/Users/jwalton/.m2/repository/com/sun/jersey/jersey-client/1.4/jersey-client-1.4.jar:/Users/jwalton/.m2/repository/com/sun/jersey/jersey-core/1.4/jersey-core-1.4.jar:/Users/jwalton/.m2/repository/org/slf4j/slf4j-api/1.7.1/slf4j-api-1.7.1.jar:/Users/jwalton/.m2/repository/org/slf4j/jcl-over-slf4j/1.7.1/jcl-over-slf4j-1.7.1.jar:/Users/jwalton/.m2/repository/org/jdom/jdom2/2.0.4/jdom2-2.0.4.jar:"/>
    <property name="java.vm.specification.version" value="1.0"/>
    <property name="sun.arch.data.model" value="64"/>
    <property name="java.home" value="/System/Library/Java/JavaVirtualMachines/1.6.0.jdk/Contents/Home"/>
    <property name="sun.java.command" value="/Users/jwalton/NetBeansProjects/DeckCollector/target/surefire/surefirebooter4210683325691443600.jar /Users/jwalton/NetBeansProjects/DeckCollector/target/surefire/surefire8177564803046666312tmp /Users/jwalton/NetBeansProjects/DeckCollector/target/surefire/surefire3414261405753491446tmp"/>
    <property name="java.specification.vendor" value="Sun Microsystems Inc."/>
    <property name="user.language" value="en"/>
    <property name="awt.toolkit" value="apple.awt.CToolkit"/>
    <property name="java.vm.info" value="mixed mode"/>
    <property name="java.version" value="1.6.0_43"/>
    <property name="java.ext.dirs" value="/Library/Java/Extensions:/System/Library/Java/Extensions:/System/Library/Java/JavaVirtualMachines/1.6.0.jdk/Contents/Home/lib/ext"/>
    <property name="sun.boot.class.path" value="/System/Library/Java/JavaVirtualMachines/1.6.0.jdk/Contents/Classes/jsfd.jar:/System/Library/Java/JavaVirtualMachines/1.6.0.jdk/Contents/Classes/classes.jar:/System/Library/Frameworks/JavaVM.framework/Frameworks/JavaRuntimeSupport.framework/Resources/Java/JavaRuntimeSupport.jar:/System/Library/Java/JavaVirtualMachines/1.6.0.jdk/Contents/Classes/ui.jar:/System/Library/Java/JavaVirtualMachines/1.6.0.jdk/Contents/Classes/laf.jar:/System/Library/Java/JavaVirtualMachines/1.6.0.jdk/Contents/Classes/sunrsasign.jar:/System/Library/Java/JavaVirtualMachines/1.6.0.jdk/Contents/Classes/jsse.jar:/System/Library/Java/JavaVirtualMachines/1.6.0.jdk/Contents/Classes/jce.jar:/System/Library/Java/JavaVirtualMachines/1.6.0.jdk/Contents/Classes/charsets.jar"/>
    <property name="java.vendor" value="Apple Inc."/>
    <property name="localRepository" value="/Users/jwalton/.m2/repository"/>
    <property name="file.separator" value="/"/>
    <property name="java.vendor.url.bug" value="http://bugreport.apple.com/"/>
    <property name="sun.cpu.endian" value="little"/>
    <property name="sun.io.unicode.encoding" value="UnicodeLittle"/>
    <property name="mrj.version" value="1070.1.6.0_43-447"/>
    <property name="socksNonProxyHosts" value="local|*.local|169.254/16|*.169.254/16"/>
    <property name="ftp.nonProxyHosts" value="local|*.local|169.254/16|*.169.254/16"/>
    <property name="sun.cpu.isalist" value=""/>
  </properties>
  <testcase time="0.001" classname="com.mycompany.deckcollector.AppTest" name="testApp"/>
</testsuite>